Release 14.7 - xst P.20131013 (nt64)
Copyright (c) 1995-2013 Xilinx, Inc.  All rights reserved.
--> Parameter TMPDIR set to xst/projnav.tmp


Total REAL time to Xst completion: 0.00 secs
Total CPU time to Xst completion: 0.10 secs
 
--> Parameter xsthdpdir set to xst


Total REAL time to Xst completion: 0.00 secs
Total CPU time to Xst completion: 0.10 secs
 
--> Reading design: top.prj

TABLE OF CONTENTS
  1) Synthesis Options Summary
  2) HDL Compilation
  3) Design Hierarchy Analysis
  4) HDL Analysis
  5) HDL Synthesis
     5.1) HDL Synthesis Report
  6) Advanced HDL Synthesis
     6.1) Advanced HDL Synthesis Report
  7) Low Level Synthesis
  8) Partition Report
  9) Final Report
	9.1) Device utilization summary
	9.2) Partition Resource Summary
	9.3) TIMING REPORT


=========================================================================
*                      Synthesis Options Summary                        *
=========================================================================
---- Source Parameters
Input File Name                    : "top.prj"
Input Format                       : mixed
Ignore Synthesis Constraint File   : NO

---- Target Parameters
Output File Name                   : "top"
Output Format                      : NGC
Target Device                      : xc3s100e-4-cp132

---- Source Options
Top Module Name                    : top
Automatic FSM Extraction           : YES
FSM Encoding Algorithm             : Auto
Safe Implementation                : No
FSM Style                          : LUT
RAM Extraction                     : Yes
RAM Style                          : Auto
ROM Extraction                     : Yes
Mux Style                          : Auto
Decoder Extraction                 : YES
Priority Encoder Extraction        : Yes
Shift Register Extraction          : YES
Logical Shifter Extraction         : YES
XOR Collapsing                     : YES
ROM Style                          : Auto
Mux Extraction                     : Yes
Resource Sharing                   : YES
Asynchronous To Synchronous        : NO
Multiplier Style                   : Auto
Automatic Register Balancing       : No

---- Target Options
Add IO Buffers                     : YES
Global Maximum Fanout              : 100000
Add Generic Clock Buffer(BUFG)     : 24
Register Duplication               : YES
Slice Packing                      : YES
Optimize Instantiated Primitives   : NO
Use Clock Enable                   : Yes
Use Synchronous Set                : Yes
Use Synchronous Reset              : Yes
Pack IO Registers into IOBs        : Auto
Equivalent register Removal        : YES

---- General Options
Optimization Goal                  : Speed
Optimization Effort                : 1
Keep Hierarchy                     : No
Netlist Hierarchy                  : As_Optimized
RTL Output                         : Yes
Global Optimization                : AllClockNets
Read Cores                         : YES
Write Timing Constraints           : NO
Cross Clock Analysis               : NO
Hierarchy Separator                : /
Bus Delimiter                      : <>
Case Specifier                     : Maintain
Slice Utilization Ratio            : 100
BRAM Utilization Ratio             : 100
Verilog 2001                       : YES
Auto BRAM Packing                  : NO
Slice Utilization Ratio Delta      : 5

=========================================================================


=========================================================================
*                          HDL Compilation                              *
=========================================================================
Compiling verilog file "up_down_counter.v" in library work
Compiling verilog file "ssd_decoder_unit.v" in library work
Module <up_down_counter> compiled
Compiling verilog file "slowdown_unit.v" in library work
Module <ssd_decoder_unit> compiled
Compiling verilog file "scan_unit.v" in library work
Module <slowdown_unit> compiled
Compiling verilog file "top.v" in library work
Module <scan_unit> compiled
Module <top> compiled
No errors in compilation
Analysis of file <"top.prj"> succeeded.
 

=========================================================================
*                     Design Hierarchy Analysis                         *
=========================================================================
Analyzing hierarchy for module <top> in library <work>.

Analyzing hierarchy for module <slowdown_unit> in library <work>.

Analyzing hierarchy for module <scan_unit> in library <work>.

Analyzing hierarchy for module <ssd_decoder_unit> in library <work>.

Analyzing hierarchy for module <up_down_counter> in library <work>.


=========================================================================
*                            HDL Analysis                               *
=========================================================================
Analyzing top module <top>.
Module <top> is correct for synthesis.
 
Analyzing module <slowdown_unit> in library <work>.
Module <slowdown_unit> is correct for synthesis.
 
Analyzing module <scan_unit> in library <work>.
Module <scan_unit> is correct for synthesis.
 
Analyzing module <ssd_decoder_unit> in library <work>.
Module <ssd_decoder_unit> is correct for synthesis.
 
Analyzing module <up_down_counter> in library <work>.
Module <up_down_counter> is correct for synthesis.
 

=========================================================================
*                           HDL Synthesis                               *
=========================================================================

Performing bidirectional port resolution...

Synthesizing Unit <slowdown_unit>.
    Related source file is "slowdown_unit.v".
    Found 26-bit up counter for signal <slowdown>.
    Summary:
	inferred   1 Counter(s).
Unit <slowdown_unit> synthesized.


Synthesizing Unit <scan_unit>.
    Related source file is "scan_unit.v".
    Found 8-bit register for signal <sout_s>.
    Found 4-bit register for signal <anode_s>.
    Found 15-bit comparator greatequal for signal <anode_s$cmp_ge0000> created at line 34.
    Found 15-bit comparator greatequal for signal <anode_s$cmp_ge0001> created at line 30.
    Found 15-bit comparator greatequal for signal <anode_s$cmp_ge0002> created at line 26.
    Found 15-bit comparator greatequal for signal <anode_s$cmp_ge0003> created at line 22.
    Found 15-bit comparator lessequal for signal <anode_s$cmp_le0000> created at line 34.
    Found 15-bit comparator lessequal for signal <anode_s$cmp_le0001> created at line 30.
    Found 15-bit comparator lessequal for signal <anode_s$cmp_le0002> created at line 26.
    Found 15-bit comparator lessequal for signal <anode_s$cmp_le0003> created at line 22.
    Found 15-bit up counter for signal <cntr>.
    Found 15-bit comparator greater for signal <sout_s$cmp_gt0000> created at line 34.
    Found 15-bit comparator greater for signal <sout_s$cmp_gt0001> created at line 30.
    Found 15-bit comparator greater for signal <sout_s$cmp_gt0002> created at line 26.
    Found 15-bit comparator greater for signal <sout_s$cmp_gt0003> created at line 22.
    Found 15-bit comparator less for signal <sout_s$cmp_lt0000> created at line 34.
    Found 15-bit comparator less for signal <sout_s$cmp_lt0001> created at line 30.
    Found 15-bit comparator less for signal <sout_s$cmp_lt0002> created at line 26.
    Found 15-bit comparator less for signal <sout_s$cmp_lt0003> created at line 22.
    Summary:
	inferred   1 Counter(s).
	inferred  12 D-type flip-flop(s).
	inferred  16 Comparator(s).
Unit <scan_unit> synthesized.


Synthesizing Unit <ssd_decoder_unit>.
    Related source file is "ssd_decoder_unit.v".
    Found 16x8-bit ROM for signal <ssd>.
    Summary:
	inferred   1 ROM(s).
Unit <ssd_decoder_unit> synthesized.


Synthesizing Unit <up_down_counter>.
    Related source file is "up_down_counter.v".
WARNING:Xst:646 - Signal <digit_4_next> is assigned but never used. This unconnected signal will be trimmed during the optimization process.
WARNING:Xst:646 - Signal <digit_3_next> is assigned but never used. This unconnected signal will be trimmed during the optimization process.
WARNING:Xst:646 - Signal <digit_2_next> is assigned but never used. This unconnected signal will be trimmed during the optimization process.
    Register <digit_2> equivalent to <digit_1> has been removed
    Register <digit_3> equivalent to <digit_1> has been removed
    Register <digit_4> equivalent to <digit_1> has been removed
    Found 4-bit register for signal <digit_1>.
    Found 4-bit addsub for signal <digit_1_next$share0000>.
    Summary:
	inferred   4 D-type flip-flop(s).
	inferred   1 Adder/Subtractor(s).
Unit <up_down_counter> synthesized.


Synthesizing Unit <top>.
    Related source file is "top.v".
Unit <top> synthesized.

INFO:Xst:1767 - HDL ADVISOR - Resource sharing has identified that some arithmetic operations in this design can share the same physical resources for reduced device utilization. For improved clock frequency you may try to disable resource sharing.

=========================================================================
HDL Synthesis Report

Macro Statistics
# ROMs                                                 : 4
 16x8-bit ROM                                          : 4
# Adders/Subtractors                                   : 1
 4-bit addsub                                          : 1
# Counters                                             : 2
 15-bit up counter                                     : 1
 26-bit up counter                                     : 1
# Registers                                            : 3
 4-bit register                                        : 2
 8-bit register                                        : 1
# Comparators                                          : 16
 15-bit comparator greatequal                          : 4
 15-bit comparator greater                             : 4
 15-bit comparator less                                : 4
 15-bit comparator lessequal                           : 4

=========================================================================

=========================================================================
*                       Advanced HDL Synthesis                          *
=========================================================================


=========================================================================
Advanced HDL Synthesis Report

Macro Statistics
# ROMs                                                 : 4
 16x8-bit ROM                                          : 4
# Adders/Subtractors                                   : 1
 4-bit addsub                                          : 1
# Counters                                             : 2
 15-bit up counter                                     : 1
 26-bit up counter                                     : 1
# Registers                                            : 16
 Flip-Flops                                            : 16
# Comparators                                          : 16
 15-bit comparator greatequal                          : 4
 15-bit comparator greater                             : 4
 15-bit comparator less                                : 4
 15-bit comparator lessequal                           : 4

=========================================================================

=========================================================================
*                         Low Level Synthesis                           *
=========================================================================

Optimizing unit <top> ...

Optimizing unit <scan_unit> ...

Optimizing unit <up_down_counter> ...

Mapping all equations...
WARNING:Xst:1710 - FF/Latch <uut1/sout_s_0> (without init value) has a constant value of 1 in block <top>. This FF/Latch will be trimmed during the optimization process.
Building and optimizing final netlist ...
Found area constraint ratio of 100 (+ 5) on block top, actual ratio is 8.

Final Macro Processing ...

=========================================================================
Final Register Report

Macro Statistics
# Registers                                            : 56
 Flip-Flops                                            : 56

=========================================================================

=========================================================================
*                           Partition Report                            *
=========================================================================

Partition Implementation Status
-------------------------------

  No Partitions were found in this design.

-------------------------------

=========================================================================
*                            Final Report                               *
=========================================================================
Final Results
RTL Top Level Output File Name     : top.ngr
Top Level Output File Name         : top
Output Format                      : NGC
Optimization Goal                  : Speed
Keep Hierarchy                     : No

Design Statistics
# IOs                              : 15

Cell Usage :
# BELS                             : 276
#      GND                         : 1
#      INV                         : 15
#      LUT1                        : 49
#      LUT2                        : 18
#      LUT2_L                      : 1
#      LUT3                        : 12
#      LUT3_L                      : 1
#      LUT4                        : 34
#      LUT4_L                      : 1
#      MUXCY                       : 99
#      MUXF5                       : 3
#      VCC                         : 1
#      XORCY                       : 41
# FlipFlops/Latches                : 56
#      FDE                         : 4
#      FDR                         : 43
#      FDRE                        : 2
#      FDSE                        : 7
# Clock Buffers                    : 1
#      BUFGP                       : 1
# IO Buffers                       : 14
#      IBUF                        : 2
#      OBUF                        : 12
=========================================================================

Device utilization summary:
---------------------------

Selected Device : 3s100ecp132-4 

 Number of Slices:                       70  out of    960     7%  
 Number of Slice Flip Flops:             56  out of   1920     2%  
 Number of 4 input LUTs:                131  out of   1920     6%  
 Number of IOs:                          15
 Number of bonded IOBs:                  15  out of     83    18%  
 Number of GCLKs:                         1  out of     24     4%  

---------------------------
Partition Resource Summary:
---------------------------

  No Partitions were found in this design.

---------------------------


=========================================================================
TIMING REPORT

NOTE: THESE TIMING NUMBERS ARE ONLY A SYNTHESIS ESTIMATE.
      FOR ACCURATE TIMING INFORMATION PLEASE REFER TO THE TRACE REPORT
      GENERATED AFTER PLACE-and-ROUTE.

Clock Information:
------------------
-----------------------------------+------------------------+-------+
Clock Signal                       | Clock buffer(FF name)  | Load  |
-----------------------------------+------------------------+-------+
clk                                | BUFGP                  | 56    |
-----------------------------------+------------------------+-------+

Asynchronous Control Signals Information:
----------------------------------------
No asynchronous control signals found in this design

Timing Summary:
---------------
Speed Grade: -4

   Minimum period: 7.271ns (Maximum Frequency: 137.533MHz)
   Minimum input arrival time before clock: 5.529ns
   Maximum output required time after clock: 4.283ns
   Maximum combinational path delay: No path found

Timing Detail:
--------------
All values displayed in nanoseconds (ns)

=========================================================================
Timing constraint: Default period analysis for Clock 'clk'
  Clock period: 7.271ns (frequency: 137.533MHz)
  Total number of paths / destination ports: 2791 / 95
-------------------------------------------------------------------------
Delay:               7.271ns (Levels of Logic = 10)
  Source:            uut1/cntr_3 (FF)
  Destination:       uut1/sout_s_7 (FF)
  Source Clock:      clk rising
  Destination Clock: clk rising

  Data Path: uut1/cntr_3 to uut1/sout_s_7
                                Gate     Net
    Cell:in->out      fanout   Delay   Delay  Logical Name (Net Name)
    ----------------------------------------  ------------
     FDR:C->Q              9   0.591   0.995  uut1/cntr_3 (uut1/cntr_3)
     LUT2:I0->O            1   0.704   0.000  uut1/Mcompar_sout_s_cmp_lt0000_lut<0>2 (uut1/Mcompar_sout_s_cmp_lt0000_lut<0>2)
     MUXCY:S->O            1   0.464   0.000  uut1/Mcompar_sout_s_cmp_lt0000_cy<0>_1 (uut1/Mcompar_sout_s_cmp_lt0000_cy<0>2)
     MUXCY:CI->O           1   0.059   0.000  uut1/Mcompar_sout_s_cmp_lt0000_cy<1>_1 (uut1/Mcompar_sout_s_cmp_lt0000_cy<1>2)
     MUXCY:CI->O           1   0.059   0.000  uut1/Mcompar_sout_s_cmp_lt0000_cy<2>_1 (uut1/Mcompar_sout_s_cmp_lt0000_cy<2>2)
     MUXCY:CI->O           1   0.059   0.000  uut1/Mcompar_sout_s_cmp_lt0000_cy<3>_1 (uut1/Mcompar_sout_s_cmp_lt0000_cy<3>2)
     MUXCY:CI->O           1   0.059   0.000  uut1/Mcompar_sout_s_cmp_lt0000_cy<4>_1 (uut1/Mcompar_sout_s_cmp_lt0000_cy<4>2)
     MUXCY:CI->O           1   0.059   0.000  uut1/Mcompar_sout_s_cmp_lt0000_cy<5>_1 (uut1/Mcompar_sout_s_cmp_lt0000_cy<5>2)
     MUXCY:CI->O           5   0.459   0.637  uut1/Mcompar_sout_s_cmp_lt0000_cy<6>_1 (uut1/Mcompar_sout_s_cmp_lt0000_cy<6>2)
     LUT4:I3->O            1   0.704   0.455  uut1/sout_s_not0001_SW1 (N18)
     LUT4:I2->O            7   0.704   0.708  uut1/sout_s_not0001 (uut1/sout_s_not0001)
     FDSE:CE                   0.555          uut1/sout_s_1
    ----------------------------------------
    Total                      7.271ns (4.476ns logic, 2.795ns route)
                                       (61.6% logic, 38.4% route)

=========================================================================
Timing constraint: Default OFFSET IN BEFORE for Clock 'clk'
  Total number of paths / destination ports: 61 / 59
-------------------------------------------------------------------------
Offset:              5.529ns (Levels of Logic = 2)
  Source:            rst (PAD)
  Destination:       uut/slowdown_0 (FF)
  Destination Clock: clk rising

  Data Path: rst to uut/slowdown_0
                                Gate     Net
    Cell:in->out      fanout   Delay   Delay  Logical Name (Net Name)
    ----------------------------------------  ------------
     IBUF:I->O            28   1.218   1.436  rst_IBUF (rst_IBUF)
     LUT2:I0->O           26   0.704   1.260  uut/slowdown_or00001 (uut/slowdown_or0000)
     FDR:R                     0.911          uut/slowdown_0
    ----------------------------------------
    Total                      5.529ns (2.833ns logic, 2.696ns route)
                                       (51.2% logic, 48.8% route)

=========================================================================
Timing constraint: Default OFFSET OUT AFTER for Clock 'clk'
  Total number of paths / destination ports: 11 / 11
-------------------------------------------------------------------------
Offset:              4.283ns (Levels of Logic = 1)
  Source:            uut1/anode_s_3 (FF)
  Destination:       anode<3> (PAD)
  Source Clock:      clk rising

  Data Path: uut1/anode_s_3 to anode<3>
                                Gate     Net
    Cell:in->out      fanout   Delay   Delay  Logical Name (Net Name)
    ----------------------------------------  ------------
     FDE:C->Q              1   0.591   0.420  uut1/anode_s_3 (uut1/anode_s_3)
     OBUF:I->O                 3.272          anode_3_OBUF (anode<3>)
    ----------------------------------------
    Total                      4.283ns (3.863ns logic, 0.420ns route)
                                       (90.2% logic, 9.8% route)

=========================================================================


Total REAL time to Xst completion: 5.00 secs
Total CPU time to Xst completion: 4.42 secs
 
--> 

Total memory usage is 4510236 kilobytes

Number of errors   :    0 (   0 filtered)
Number of warnings :    4 (   0 filtered)
Number of infos    :    1 (   0 filtered)

