Release 14.7 - xst P.20131013 (nt)
Copyright (c) 1995-2013 Xilinx, Inc.  All rights reserved.
--> Parameter TMPDIR set to xst/projnav.tmp


Total REAL time to Xst completion: 0.00 secs
Total CPU time to Xst completion: 0.12 secs
 
--> Parameter xsthdpdir set to xst


Total REAL time to Xst completion: 0.00 secs
Total CPU time to Xst completion: 0.12 secs
 
--> Reading design: top.prj

TABLE OF CONTENTS
  1) Synthesis Options Summary
  2) HDL Compilation
  3) Design Hierarchy Analysis
  4) HDL Analysis
  5) HDL Synthesis
     5.1) HDL Synthesis Report
  6) Advanced HDL Synthesis
     6.1) Advanced HDL Synthesis Report
  7) Low Level Synthesis
  8) Partition Report
  9) Final Report
	9.1) Device utilization summary
	9.2) Partition Resource Summary
	9.3) TIMING REPORT


=========================================================================
*                      Synthesis Options Summary                        *
=========================================================================
---- Source Parameters
Input File Name                    : "top.prj"
Input Format                       : mixed
Ignore Synthesis Constraint File   : NO

---- Target Parameters
Output File Name                   : "top"
Output Format                      : NGC
Target Device                      : xc3s100e-5-cp132

---- Source Options
Top Module Name                    : top
Automatic FSM Extraction           : YES
FSM Encoding Algorithm             : Auto
Safe Implementation                : No
FSM Style                          : LUT
RAM Extraction                     : Yes
RAM Style                          : Auto
ROM Extraction                     : Yes
Mux Style                          : Auto
Decoder Extraction                 : YES
Priority Encoder Extraction        : Yes
Shift Register Extraction          : YES
Logical Shifter Extraction         : YES
XOR Collapsing                     : YES
ROM Style                          : Auto
Mux Extraction                     : Yes
Resource Sharing                   : YES
Asynchronous To Synchronous        : NO
Multiplier Style                   : Auto
Automatic Register Balancing       : No

---- Target Options
Add IO Buffers                     : YES
Global Maximum Fanout              : 100000
Add Generic Clock Buffer(BUFG)     : 24
Register Duplication               : YES
Slice Packing                      : YES
Optimize Instantiated Primitives   : NO
Use Clock Enable                   : Yes
Use Synchronous Set                : Yes
Use Synchronous Reset              : Yes
Pack IO Registers into IOBs        : Auto
Equivalent register Removal        : YES

---- General Options
Optimization Goal                  : Speed
Optimization Effort                : 1
Keep Hierarchy                     : No
Netlist Hierarchy                  : As_Optimized
RTL Output                         : Yes
Global Optimization                : AllClockNets
Read Cores                         : YES
Write Timing Constraints           : NO
Cross Clock Analysis               : NO
Hierarchy Separator                : /
Bus Delimiter                      : <>
Case Specifier                     : Maintain
Slice Utilization Ratio            : 100
BRAM Utilization Ratio             : 100
Verilog 2001                       : YES
Auto BRAM Packing                  : NO
Slice Utilization Ratio Delta      : 5

---- Other Options
Cores Search Directories           : {"ipcore_dir"  }

=========================================================================


=========================================================================
*                          HDL Compilation                              *
=========================================================================
Compiling verilog file "ipcore_dir/character_rom.v" in library work
Compiling verilog file "topDesign1.v" in library work
Module <character_rom> compiled
Module <top> compiled
No errors in compilation
Analysis of file <"top.prj"> succeeded.
 

=========================================================================
*                     Design Hierarchy Analysis                         *
=========================================================================
Analyzing hierarchy for module <top> in library <work>.


=========================================================================
*                            HDL Analysis                               *
=========================================================================
Analyzing top module <top>.
WARNING:Xst:2211 - "ipcore_dir/character_rom.v" line 62: Instantiating black box module <character_rom>.
Module <top> is correct for synthesis.
 

=========================================================================
*                           HDL Synthesis                               *
=========================================================================

Performing bidirectional port resolution...

Synthesizing Unit <top>.
    Related source file is "topDesign1.v".
WARNING:Xst:1306 - Output <sseg> is never assigned.
WARNING:Xst:646 - Signal <sseg1> is assigned but never used. This unconnected signal will be trimmed during the optimization process.
WARNING:Xst:646 - Signal <dout<7:1>> is assigned but never used. This unconnected signal will be trimmed during the optimization process.
    Found finite state machine <FSM_0> for signal <state_current>.
    -----------------------------------------------------------------------
    | States             | 4                                              |
    | Transitions        | 4                                              |
    | Inputs             | 0                                              |
    | Outputs            | 4                                              |
    | Clock              | clk                       (rising_edge)        |
    | Reset              | rst                       (positive)           |
    | Reset type         | synchronous                                    |
    | Reset State        | 0000                                           |
    | Encoding           | automatic                                      |
    | Implementation     | LUT                                            |
    -----------------------------------------------------------------------
WARNING:Xst:737 - Found 5-bit latch for signal <addr>. Latches may be generated from incomplete case or if statements. We do not recommend the use of latches in FPGA/CPLD designs, as they may lead to timing problems.
INFO:Xst:2371 - HDL ADVISOR - Logic functions respectively driving the data and gate enable inputs of this latch share common terms. This situation will potentially lead to setup/hold violations and, as a result, to simulation problems. This situation may come from an incomplete case statement (all selector values are not covered). You should carefully review if it was in your intentions to describe such a latch.
    Summary:
	inferred   1 Finite State Machine(s).
Unit <top> synthesized.


=========================================================================
HDL Synthesis Report

Macro Statistics
# Latches                                              : 1
 5-bit latch                                           : 1

=========================================================================

=========================================================================
*                       Advanced HDL Synthesis                          *
=========================================================================

Analyzing FSM <FSM_0> for best encoding.
Optimizing FSM <state_current/FSM> on signal <state_current[1:4]> with one-hot encoding.
-------------------
 State | Encoding
-------------------
 0000  | 0001
 0001  | 0010
 0010  | 0100
 0011  | 1000
-------------------
Reading core <ipcore_dir/character_rom.ngc>.
Loading core <character_rom> for timing and area information for instance <inst_2>.

=========================================================================
Advanced HDL Synthesis Report

Macro Statistics
# FSMs                                                 : 1
# Latches                                              : 1
 5-bit latch                                           : 1

=========================================================================

=========================================================================
*                         Low Level Synthesis                           *
=========================================================================
INFO:Xst:2261 - The FF/Latch <addr_0> in Unit <top> is equivalent to the following FF/Latch, which will be removed : <addr_3> 

Optimizing unit <top> ...

Mapping all equations...
Building and optimizing final netlist ...
Found area constraint ratio of 100 (+ 5) on block top, actual ratio is 0.

Final Macro Processing ...

=========================================================================
Final Register Report

Macro Statistics
# Registers                                            : 4
 Flip-Flops                                            : 4

=========================================================================

=========================================================================
*                           Partition Report                            *
=========================================================================

Partition Implementation Status
-------------------------------

  No Partitions were found in this design.

-------------------------------

=========================================================================
*                            Final Report                               *
=========================================================================
Final Results
RTL Top Level Output File Name     : top.ngr
Top Level Output File Name         : top
Output Format                      : NGC
Optimization Goal                  : Speed
Keep Hierarchy                     : No

Design Statistics
# IOs                              : 14

Cell Usage :
# BELS                             : 7
#      GND                         : 2
#      LUT2                        : 3
#      LUT4                        : 1
#      VCC                         : 1
# FlipFlops/Latches                : 8
#      FDR                         : 3
#      FDS                         : 1
#      LD                          : 4
# RAMS                             : 1
#      RAMB16_S36_S36              : 1
# Clock Buffers                    : 1
#      BUFGP                       : 1
# IO Buffers                       : 5
#      IBUF                        : 1
#      OBUF                        : 4
=========================================================================

Device utilization summary:
---------------------------

Selected Device : 3s100ecp132-5 

 Number of Slices:                        4  out of    960     0%  
 Number of Slice Flip Flops:              8  out of   1920     0%  
 Number of 4 input LUTs:                  4  out of   1920     0%  
 Number of IOs:                          14
 Number of bonded IOBs:                   6  out of     83     7%  
 Number of BRAMs:                         1  out of      4    25%  
 Number of GCLKs:                         1  out of     24     4%  

---------------------------
Partition Resource Summary:
---------------------------

  No Partitions were found in this design.

---------------------------


=========================================================================
TIMING REPORT

NOTE: THESE TIMING NUMBERS ARE ONLY A SYNTHESIS ESTIMATE.
      FOR ACCURATE TIMING INFORMATION PLEASE REFER TO THE TRACE REPORT
      GENERATED AFTER PLACE-and-ROUTE.

Clock Information:
------------------
-----------------------------------+------------------------+-------+
Clock Signal                       | Clock buffer(FF name)  | Load  |
-----------------------------------+------------------------+-------+
clk                                | BUFGP                  | 5     |
addr_or0000(addr_or00001:O)        | NONE(*)(addr_0)        | 4     |
-----------------------------------+------------------------+-------+
(*) This 1 clock signal(s) are generated by combinatorial logic,
and XST is not able to identify which are the primary clock signals.
Please use the CLOCK_SIGNAL constraint to specify the clock signal(s) generated by combinatorial logic.
INFO:Xst:2169 - HDL ADVISOR - Some clock signals were not automatically buffered by XST with BUFG/BUFR resources. Please use the buffer_type constraint in order to insert these buffers to the clock signals to help prevent skew problems.

Asynchronous Control Signals Information:
----------------------------------------
No asynchronous control signals found in this design

Timing Summary:
---------------
Speed Grade: -5

   Minimum period: 1.281ns (Maximum Frequency: 780.671MHz)
   Minimum input arrival time before clock: 2.400ns
   Maximum output required time after clock: No path found
   Maximum combinational path delay: No path found

Timing Detail:
--------------
All values displayed in nanoseconds (ns)

=========================================================================
Timing constraint: Default period analysis for Clock 'clk'
  Clock period: 1.281ns (frequency: 780.671MHz)
  Total number of paths / destination ports: 4 / 4
-------------------------------------------------------------------------
Delay:               1.281ns (Levels of Logic = 0)
  Source:            state_current_FSM_FFd1 (FF)
  Destination:       state_current_FSM_FFd4 (FF)
  Source Clock:      clk rising
  Destination Clock: clk rising

  Data Path: state_current_FSM_FFd1 to state_current_FSM_FFd4
                                Gate     Net
    Cell:in->out      fanout   Delay   Delay  Logical Name (Net Name)
    ----------------------------------------  ------------
     FDR:C->Q              4   0.514   0.499  state_current_FSM_FFd1 (state_current_FSM_FFd1)
     FDS:D                     0.268          state_current_FSM_FFd4
    ----------------------------------------
    Total                      1.281ns (0.782ns logic, 0.499ns route)
                                       (61.0% logic, 39.0% route)

=========================================================================
Timing constraint: Default OFFSET IN BEFORE for Clock 'clk'
  Total number of paths / destination ports: 4 / 4
-------------------------------------------------------------------------
Offset:              2.400ns (Levels of Logic = 1)
  Source:            rst (PAD)
  Destination:       state_current_FSM_FFd4 (FF)
  Destination Clock: clk rising

  Data Path: rst to state_current_FSM_FFd4
                                Gate     Net
    Cell:in->out      fanout   Delay   Delay  Logical Name (Net Name)
    ----------------------------------------  ------------
     IBUF:I->O             4   1.106   0.499  rst_IBUF (rst_IBUF)
     FDS:S                     0.795          state_current_FSM_FFd4
    ----------------------------------------
    Total                      2.400ns (1.901ns logic, 0.499ns route)
                                       (79.2% logic, 20.8% route)

=========================================================================


Total REAL time to Xst completion: 3.00 secs
Total CPU time to Xst completion: 3.46 secs
 
--> 

Total memory usage is 238820 kilobytes

Number of errors   :    0 (   0 filtered)
Number of warnings :    5 (   0 filtered)
Number of infos    :    3 (   0 filtered)

