Release 14.7 - xst P.20131013 (nt)
Copyright (c) 1995-2013 Xilinx, Inc.  All rights reserved.
--> Parameter TMPDIR set to xst/projnav.tmp


Total REAL time to Xst completion: 0.00 secs
Total CPU time to Xst completion: 0.11 secs
 
--> Parameter xsthdpdir set to xst


Total REAL time to Xst completion: 0.00 secs
Total CPU time to Xst completion: 0.11 secs
 
--> Reading design: topDesign2.prj

TABLE OF CONTENTS
  1) Synthesis Options Summary
  2) HDL Compilation
  3) Design Hierarchy Analysis
  4) HDL Analysis
  5) HDL Synthesis
     5.1) HDL Synthesis Report
  6) Advanced HDL Synthesis
     6.1) Advanced HDL Synthesis Report
  7) Low Level Synthesis
  8) Partition Report
  9) Final Report
	9.1) Device utilization summary
	9.2) Partition Resource Summary
	9.3) TIMING REPORT


=========================================================================
*                      Synthesis Options Summary                        *
=========================================================================
---- Source Parameters
Input File Name                    : "topDesign2.prj"
Input Format                       : mixed
Ignore Synthesis Constraint File   : NO

---- Target Parameters
Output File Name                   : "topDesign2"
Output Format                      : NGC
Target Device                      : xc3s100e-5-cp132

---- Source Options
Top Module Name                    : topDesign2
Automatic FSM Extraction           : YES
FSM Encoding Algorithm             : Auto
Safe Implementation                : No
FSM Style                          : LUT
RAM Extraction                     : Yes
RAM Style                          : Auto
ROM Extraction                     : Yes
Mux Style                          : Auto
Decoder Extraction                 : YES
Priority Encoder Extraction        : Yes
Shift Register Extraction          : YES
Logical Shifter Extraction         : YES
XOR Collapsing                     : YES
ROM Style                          : Auto
Mux Extraction                     : Yes
Resource Sharing                   : YES
Asynchronous To Synchronous        : NO
Multiplier Style                   : Auto
Automatic Register Balancing       : No

---- Target Options
Add IO Buffers                     : YES
Global Maximum Fanout              : 100000
Add Generic Clock Buffer(BUFG)     : 24
Register Duplication               : YES
Slice Packing                      : YES
Optimize Instantiated Primitives   : NO
Use Clock Enable                   : Yes
Use Synchronous Set                : Yes
Use Synchronous Reset              : Yes
Pack IO Registers into IOBs        : Auto
Equivalent register Removal        : YES

---- General Options
Optimization Goal                  : Speed
Optimization Effort                : 1
Keep Hierarchy                     : No
Netlist Hierarchy                  : As_Optimized
RTL Output                         : Yes
Global Optimization                : AllClockNets
Read Cores                         : YES
Write Timing Constraints           : NO
Cross Clock Analysis               : NO
Hierarchy Separator                : /
Bus Delimiter                      : <>
Case Specifier                     : Maintain
Slice Utilization Ratio            : 100
BRAM Utilization Ratio             : 100
Verilog 2001                       : YES
Auto BRAM Packing                  : NO
Slice Utilization Ratio Delta      : 5

---- Other Options
Cores Search Directories           : {"ipcore_dir"  }

=========================================================================


=========================================================================
*                          HDL Compilation                              *
=========================================================================
Compiling verilog file "slowdown_unit.v" in library work
Compiling verilog file "ipcore_dir/character_ram.v" in library work
Module <slowdown_unit> compiled
Compiling verilog file "topDesign2.v" in library work
Module <character_ram> compiled
Module <topDesign2> compiled
No errors in compilation
Analysis of file <"topDesign2.prj"> succeeded.
 

=========================================================================
*                     Design Hierarchy Analysis                         *
=========================================================================
Analyzing hierarchy for module <topDesign2> in library <work>.

Analyzing hierarchy for module <slowdown_unit> in library <work>.


=========================================================================
*                            HDL Analysis                               *
=========================================================================
Analyzing top module <topDesign2>.
WARNING:Xst:2211 - "ipcore_dir/character_ram.v" line 97: Instantiating black box module <character_ram>.
Module <topDesign2> is correct for synthesis.
 
Analyzing module <slowdown_unit> in library <work>.
Module <slowdown_unit> is correct for synthesis.
 

=========================================================================
*                           HDL Synthesis                               *
=========================================================================

Performing bidirectional port resolution...

Synthesizing Unit <slowdown_unit>.
    Related source file is "slowdown_unit.v".
    Found 26-bit up counter for signal <slowdown>.
    Summary:
	inferred   1 Counter(s).
Unit <slowdown_unit> synthesized.


Synthesizing Unit <topDesign2>.
    Related source file is "topDesign2.v".
    Found finite state machine <FSM_0> for signal <state_current>.
    -----------------------------------------------------------------------
    | States             | 8                                              |
    | Transitions        | 12                                             |
    | Inputs             | 1                                              |
    | Outputs            | 10                                             |
    | Clock              | clk                       (rising_edge)        |
    | Reset              | rst                       (positive)           |
    | Reset type         | synchronous                                    |
    | Reset State        | 0000                                           |
    | Encoding           | automatic                                      |
    | Implementation     | LUT                                            |
    -----------------------------------------------------------------------
    Summary:
	inferred   1 Finite State Machine(s).
Unit <topDesign2> synthesized.


=========================================================================
HDL Synthesis Report

Macro Statistics
# Counters                                             : 1
 26-bit up counter                                     : 1

=========================================================================

=========================================================================
*                       Advanced HDL Synthesis                          *
=========================================================================

Analyzing FSM <FSM_0> for best encoding.
Optimizing FSM <state_current/FSM> on signal <state_current[1:3]> with sequential encoding.
-------------------
 State | Encoding
-------------------
 0000  | 000
 0001  | 001
 0010  | 010
 0011  | 011
 0100  | 100
 0101  | 101
 0110  | 110
 0111  | 111
-------------------
Reading core <ipcore_dir/character_ram.ngc>.
Loading core <character_ram> for timing and area information for instance <inst_character_ram>.

=========================================================================
Advanced HDL Synthesis Report

Macro Statistics
# FSMs                                                 : 1
# Counters                                             : 1
 26-bit up counter                                     : 1

=========================================================================

=========================================================================
*                         Low Level Synthesis                           *
=========================================================================

Optimizing unit <topDesign2> ...

Mapping all equations...
Building and optimizing final netlist ...
Found area constraint ratio of 100 (+ 5) on block topDesign2, actual ratio is 2.

Final Macro Processing ...

=========================================================================
Final Register Report

Macro Statistics
# Registers                                            : 29
 Flip-Flops                                            : 29

=========================================================================

=========================================================================
*                           Partition Report                            *
=========================================================================

Partition Implementation Status
-------------------------------

  No Partitions were found in this design.

-------------------------------

=========================================================================
*                            Final Report                               *
=========================================================================
Final Results
RTL Top Level Output File Name     : topDesign2.ngr
Top Level Output File Name         : topDesign2
Output Format                      : NGC
Optimization Goal                  : Speed
Keep Hierarchy                     : No

Design Statistics
# IOs                              : 14

Cell Usage :
# BELS                             : 106
#      GND                         : 2
#      INV                         : 2
#      LUT1                        : 25
#      LUT2                        : 4
#      LUT3                        : 6
#      LUT4                        : 7
#      MUXCY                       : 32
#      VCC                         : 2
#      XORCY                       : 26
# FlipFlops/Latches                : 29
#      FDR                         : 28
#      FDRS                        : 1
# RAMS                             : 1
#      RAMB16_S36_S36              : 1
# Clock Buffers                    : 1
#      BUFGP                       : 1
# IO Buffers                       : 13
#      IBUF                        : 1
#      OBUF                        : 12
=========================================================================

Device utilization summary:
---------------------------

Selected Device : 3s100ecp132-5 

 Number of Slices:                       23  out of    960     2%  
 Number of Slice Flip Flops:             29  out of   1920     1%  
 Number of 4 input LUTs:                 44  out of   1920     2%  
 Number of IOs:                          14
 Number of bonded IOBs:                  14  out of     83    16%  
 Number of BRAMs:                         1  out of      4    25%  
 Number of GCLKs:                         1  out of     24     4%  

---------------------------
Partition Resource Summary:
---------------------------

  No Partitions were found in this design.

---------------------------


=========================================================================
TIMING REPORT

NOTE: THESE TIMING NUMBERS ARE ONLY A SYNTHESIS ESTIMATE.
      FOR ACCURATE TIMING INFORMATION PLEASE REFER TO THE TRACE REPORT
      GENERATED AFTER PLACE-and-ROUTE.

Clock Information:
------------------
-----------------------------------+------------------------+-------+
Clock Signal                       | Clock buffer(FF name)  | Load  |
-----------------------------------+------------------------+-------+
clk                                | BUFGP                  | 30    |
-----------------------------------+------------------------+-------+

Asynchronous Control Signals Information:
----------------------------------------
No asynchronous control signals found in this design

Timing Summary:
---------------
Speed Grade: -5

   Minimum period: 5.718ns (Maximum Frequency: 174.900MHz)
   Minimum input arrival time before clock: 4.235ns
   Maximum output required time after clock: 5.962ns
   Maximum combinational path delay: No path found

Timing Detail:
--------------
All values displayed in nanoseconds (ns)

=========================================================================
Timing constraint: Default period analysis for Clock 'clk'
  Clock period: 5.718ns (frequency: 174.900MHz)
  Total number of paths / destination ports: 1111 / 69
-------------------------------------------------------------------------
Delay:               5.718ns (Levels of Logic = 9)
  Source:            inst_1/slowdown_5 (FF)
  Destination:       inst_1/slowdown_0 (FF)
  Source Clock:      clk rising
  Destination Clock: clk rising

  Data Path: inst_1/slowdown_5 to inst_1/slowdown_0
                                Gate     Net
    Cell:in->out      fanout   Delay   Delay  Logical Name (Net Name)
    ----------------------------------------  ------------
     FDR:C->Q              2   0.514   0.532  inst_1/slowdown_5 (inst_1/slowdown_5)
     LUT2:I0->O            1   0.612   0.000  inst_1/enable_cmp_eq0000_wg_lut<0> (inst_1/enable_cmp_eq0000_wg_lut<0>)
     MUXCY:S->O            1   0.404   0.000  inst_1/enable_cmp_eq0000_wg_cy<0> (inst_1/enable_cmp_eq0000_wg_cy<0>)
     MUXCY:CI->O           1   0.052   0.000  inst_1/enable_cmp_eq0000_wg_cy<1> (inst_1/enable_cmp_eq0000_wg_cy<1>)
     MUXCY:CI->O           1   0.052   0.000  inst_1/enable_cmp_eq0000_wg_cy<2> (inst_1/enable_cmp_eq0000_wg_cy<2>)
     MUXCY:CI->O           1   0.052   0.000  inst_1/enable_cmp_eq0000_wg_cy<3> (inst_1/enable_cmp_eq0000_wg_cy<3>)
     MUXCY:CI->O           1   0.052   0.000  inst_1/enable_cmp_eq0000_wg_cy<4> (inst_1/enable_cmp_eq0000_wg_cy<4>)
     MUXCY:CI->O           1   0.052   0.000  inst_1/enable_cmp_eq0000_wg_cy<5> (inst_1/enable_cmp_eq0000_wg_cy<5>)
     MUXCY:CI->O           3   0.399   0.520  inst_1/enable_cmp_eq0000_wg_cy<6> (enable)
     LUT2:I1->O           26   0.612   1.071  inst_1/slowdown_or00001 (inst_1/slowdown_or0000)
     FDR:R                     0.795          inst_1/slowdown_0
    ----------------------------------------
    Total                      5.718ns (3.594ns logic, 2.124ns route)
                                       (62.9% logic, 37.1% route)

=========================================================================
Timing constraint: Default OFFSET IN BEFORE for Clock 'clk'
  Total number of paths / destination ports: 29 / 29
-------------------------------------------------------------------------
Offset:              4.235ns (Levels of Logic = 2)
  Source:            rst (PAD)
  Destination:       inst_1/slowdown_0 (FF)
  Destination Clock: clk rising

  Data Path: rst to inst_1/slowdown_0
                                Gate     Net
    Cell:in->out      fanout   Delay   Delay  Logical Name (Net Name)
    ----------------------------------------  ------------
     IBUF:I->O             4   1.106   0.651  rst_IBUF (rst_IBUF)
     LUT2:I0->O           26   0.612   1.071  inst_1/slowdown_or00001 (inst_1/slowdown_or0000)
     FDR:R                     0.795          inst_1/slowdown_0
    ----------------------------------------
    Total                      4.235ns (2.513ns logic, 1.722ns route)
                                       (59.3% logic, 40.7% route)

=========================================================================
Timing constraint: Default OFFSET OUT AFTER for Clock 'clk'
  Total number of paths / destination ports: 8 / 8
-------------------------------------------------------------------------
Offset:              5.962ns (Levels of Logic = 2)
  Source:            inst_character_ram/U0/xst_blk_mem_generator/gnativebmg.native_blk_mem_gen/valid.cstr/ramloop[0].ram.r/s3_noinit.ram/spram.ram (RAM)
  Destination:       sseg<7> (PAD)
  Source Clock:      clk rising

  Data Path: inst_character_ram/U0/xst_blk_mem_generator/gnativebmg.native_blk_mem_gen/valid.cstr/ramloop[0].ram.r/s3_noinit.ram/spram.ram to sseg<7>
                                Gate     Net
    Cell:in->out      fanout   Delay   Delay  Logical Name (Net Name)
    ----------------------------------------  ------------
     RAMB16_S36_S36:CLKB->DOB24    1   2.436   0.357  U0/xst_blk_mem_generator/gnativebmg.native_blk_mem_gen/valid.cstr/ramloop[0].ram.r/s3_noinit.ram/spram.ram (douta<7>)
     end scope: 'inst_character_ram'
     OBUF:I->O                 3.169          sseg_7_OBUF (sseg<7>)
    ----------------------------------------
    Total                      5.962ns (5.605ns logic, 0.357ns route)
                                       (94.0% logic, 6.0% route)

=========================================================================


Total REAL time to Xst completion: 3.00 secs
Total CPU time to Xst completion: 3.56 secs
 
--> 

Total memory usage is 239524 kilobytes

Number of errors   :    0 (   0 filtered)
Number of warnings :    2 (   0 filtered)
Number of infos    :    0 (   0 filtered)

