INFO:sim:172 - Generating IP...
Applying current project options...
Finished applying current project options.
Resolving generics for 'character_ram'...
WARNING:sim - A core named 'character_ram' already exists in the project. Output
   products for this core may be overwritten.
Applying external generics to 'character_ram'...
Delivering associated files for 'character_ram'...
Delivering EJava files for 'character_ram'...
Generating implementation netlist for 'character_ram'...
INFO:sim - Pre-processing HDL files for 'character_ram'...
Running synthesis for 'character_ram'
Running ngcbuild...
Writing VEO instantiation template for 'character_ram'...
Writing Verilog behavioral simulation model for 'character_ram'...
WARNING:sim - Overwriting existing file
   C:/Xilinx/14.7/ISE_DS/lab4/ipcore_dir/tmp/_cg/character_ram/doc/blk_mem_gen_v
   7_3_vinfo.html with file from view xilinx_documentation
Delivered 1 file into directory
C:/Xilinx/14.7/ISE_DS/lab4/ipcore_dir/tmp/_cg/character_ram
Generating ASY schematic symbol...
INFO:sim:949 - Finished generation of ASY schematic symbol.
Generating SYM schematic symbol for 'character_ram'...
Generating metadata file...
Regenerating ISE project file for 'character_ram'...
Generating ISE project...
XCO file found: character_ram.xco
XMDF file found: character_ram_xmdf.tcl
Adding C:/Xilinx/14.7/ISE_DS/lab4/ipcore_dir/tmp/_cg/character_ram.asy -view all
-origin_type imported
Adding C:/Xilinx/14.7/ISE_DS/lab4/ipcore_dir/tmp/_cg/character_ram.ngc -view all
-origin_type created
Checking file "C:/Xilinx/14.7/ISE_DS/lab4/ipcore_dir/tmp/_cg/character_ram.ngc"
for project device match ...
File "C:/Xilinx/14.7/ISE_DS/lab4/ipcore_dir/tmp/_cg/character_ram.ngc" device
information matches project device.
Adding C:/Xilinx/14.7/ISE_DS/lab4/ipcore_dir/tmp/_cg/character_ram.sym -view all
-origin_type imported
Adding C:/Xilinx/14.7/ISE_DS/lab4/ipcore_dir/tmp/_cg/character_ram.v -view all
-origin_type created
INFO:HDLCompiler:1845 - Analyzing Verilog file
   "C:/Xilinx/14.7/ISE_DS/lab4/ipcore_dir/tmp/_cg/character_ram.v" into library
   work
INFO:ProjectMgmt - Parsing design hierarchy completed successfully.
Adding C:/Xilinx/14.7/ISE_DS/lab4/ipcore_dir/tmp/_cg/character_ram.veo -view all
-origin_type imported
INFO:TclTasksC:2116 - The automatic calculation of top has been turned-off.
   Please set the new top explicitly by running the "project set top" command.
   To re-calculate the new top automatically, set the "Auto Implementation Top"
   property to true.
Top level has been set to "/character_ram"
Generating README file...
Generating FLIST file...
INFO:sim:948 - Finished FLIST file generation.
Moving files to output directory...
Finished moving files to output directory
Wrote CGP file for project 'character_ram'.
